cl : Command line warning D9035: option 'Gm' has been deprecated and will be removed in a future release
  Hover car.cpp
f:\lili games concepts\assignment 3\hover car final\hover car.cpp(398): warning C4018: '<': signed/unsigned mismatch
f:\lili games concepts\assignment 3\hover car final\hover car.cpp(404): warning C4018: '<': signed/unsigned mismatch
f:\lili games concepts\assignment 3\hover car final\hover car.cpp(411): warning C4018: '<': signed/unsigned mismatch
f:\lili games concepts\assignment 3\hover car final\hover car.cpp(436): warning C4018: '<': signed/unsigned mismatch
f:\lili games concepts\assignment 3\hover car final\hover car.cpp(452): warning C4018: '<': signed/unsigned mismatch
f:\lili games concepts\assignment 3\hover car final\hover car.cpp(512): warning C4244: 'argument': conversion from 'const float' to 'const int', possible loss of data
f:\lili games concepts\assignment 3\hover car final\hover car.cpp(515): warning C4018: '<': signed/unsigned mismatch
f:\lili games concepts\assignment 3\hover car final\hover car.cpp(525): warning C4018: '<': signed/unsigned mismatch
f:\lili games concepts\assignment 3\hover car final\hover car.cpp(633): warning C4018: '<': signed/unsigned mismatch
f:\lili games concepts\assignment 3\hover car final\hover car.cpp(662): warning C4018: '<': signed/unsigned mismatch
f:\lili games concepts\assignment 3\hover car final\hover car.cpp(688): warning C4018: '<': signed/unsigned mismatch
f:\lili games concepts\assignment 3\hover car final\hover car.cpp(714): warning C4018: '<': signed/unsigned mismatch
f:\lili games concepts\assignment 3\hover car final\hover car.cpp(739): warning C4018: '<': signed/unsigned mismatch
f:\lili games concepts\assignment 3\hover car final\hover car.cpp(796): warning C4244: '=': conversion from 'int' to 'float', possible loss of data
f:\lili games concepts\assignment 3\hover car final\hover car.cpp(800): warning C4244: '=': conversion from 'int' to 'float', possible loss of data
f:\lili games concepts\assignment 3\hover car final\hover car.cpp(996): warning C4244: 'initializing': conversion from 'float' to 'int', possible loss of data
f:\lili games concepts\assignment 3\hover car final\hover car.cpp(997): warning C4244: '*=': conversion from 'float' to 'int', possible loss of data
f:\lili games concepts\assignment 3\hover car final\hover car.cpp(998): warning C4244: '*=': conversion from 'float' to 'int', possible loss of data
f:\lili games concepts\assignment 3\hover car final\hover car.cpp(1003): warning C4244: 'argument': conversion from 'const float' to 'const int', possible loss of data
f:\lili games concepts\assignment 3\hover car final\hover car.cpp(1003): warning C4244: 'argument': conversion from 'float' to 'const int', possible loss of data
f:\lili games concepts\assignment 3\hover car final\hover car.cpp(1092): warning C4018: '<': signed/unsigned mismatch
f:\lili games concepts\assignment 3\hover car final\hover car.cpp(1132): warning C4244: 'argument': conversion from 'const float' to 'const int', possible loss of data
f:\lili games concepts\assignment 3\hover car final\hover car.cpp(1132): warning C4244: 'argument': conversion from 'float' to 'const int', possible loss of data
f:\lili games concepts\assignment 3\hover car final\hover car.cpp(1158): warning C4244: 'argument': conversion from 'float' to 'const int', possible loss of data
f:\lili games concepts\assignment 3\hover car final\hover car.cpp(1166): warning C4244: 'argument': conversion from 'const float' to 'const int', possible loss of data
f:\lili games concepts\assignment 3\hover car final\hover car.cpp(1166): warning C4244: 'argument': conversion from 'float' to 'const int', possible loss of data
f:\lili games concepts\assignment 3\hover car final\hover car.cpp(1171): warning C4244: 'argument': conversion from 'const float' to 'const int', possible loss of data
f:\lili games concepts\assignment 3\hover car final\hover car.cpp(1171): warning C4244: 'argument': conversion from 'float' to 'const int', possible loss of data
f:\lili games concepts\assignment 3\hover car final\hover car.cpp(1181): warning C4244: 'argument': conversion from 'const float' to 'const int', possible loss of data
f:\lili games concepts\assignment 3\hover car final\hover car.cpp(1181): warning C4244: 'argument': conversion from 'float' to 'const int', possible loss of data
f:\lili games concepts\assignment 3\hover car final\hover car.cpp(1186): warning C4244: 'argument': conversion from 'const float' to 'const int', possible loss of data
f:\lili games concepts\assignment 3\hover car final\hover car.cpp(1186): warning C4244: 'argument': conversion from 'float' to 'const int', possible loss of data
f:\lili games concepts\assignment 3\hover car final\hover car.cpp(1190): warning C4244: 'argument': conversion from 'const float' to 'const int', possible loss of data
f:\lili games concepts\assignment 3\hover car final\hover car.cpp(1190): warning C4244: 'argument': conversion from 'float' to 'const int', possible loss of data
f:\lili games concepts\assignment 3\hover car final\hover car.cpp(1221): warning C4244: 'argument': conversion from 'float' to 'const int', possible loss of data
f:\lili games concepts\assignment 3\hover car final\hover car.cpp(1225): warning C4244: 'argument': conversion from 'float' to 'const int', possible loss of data
f:\lili games concepts\assignment 3\hover car final\hover car.cpp(1230): warning C4244: 'argument': conversion from 'float' to 'const int', possible loss of data
f:\lili games concepts\assignment 3\hover car final\hover car.cpp(1234): warning C4244: 'argument': conversion from 'float' to 'const int', possible loss of data
f:\lili games concepts\assignment 3\hover car final\hover car.cpp(1239): warning C4244: 'argument': conversion from 'float' to 'const int', possible loss of data
f:\lili games concepts\assignment 3\hover car final\hover car.cpp(1244): warning C4244: 'argument': conversion from 'float' to 'const int', possible loss of data
f:\lili games concepts\assignment 3\hover car final\hover car.cpp(1247): warning C4244: 'argument': conversion from 'float' to 'const int', possible loss of data
f:\lili games concepts\assignment 3\hover car final\hover car.cpp(1248): warning C4244: 'argument': conversion from 'float' to 'const int', possible loss of data
f:\lili games concepts\assignment 3\hover car final\hover car.cpp(1272): warning C4018: '<': signed/unsigned mismatch
  Definitions.cpp
  Collision.cpp
f:\lili games concepts\assignment 3\hover car final\collision.cpp(39): warning C4018: '<': signed/unsigned mismatch
f:\lili games concepts\assignment 3\hover car final\collision.cpp(72): warning C4018: '<': signed/unsigned mismatch
  Generating Code...
TL-Engine2017Debug.lib(TL-Engine.obj) : warning LNK4099: PDB 'TL-Engine.pdb' was not found with 'TL-Engine2017Debug.lib(TL-Engine.obj)' or at 'F:\Lili Games Concepts\Assignment 3\Hover car final\TL-Engine.pdb'; linking object as if no debug info
TL-Engine2017Debug.lib(Errors.obj) : warning LNK4099: PDB 'Common.pdb' was not found with 'TL-Engine2017Debug.lib(Errors.obj)' or at 'F:\Lili Games Concepts\Assignment 3\Hover car final\Common.pdb'; linking object as if no debug info
TL-Engine2017Debug.lib(TLXSprite.obj) : warning LNK4099: PDB '3DEngine.pdb' was not found with 'TL-Engine2017Debug.lib(TLXSprite.obj)' or at 'F:\Lili Games Concepts\Assignment 3\Hover car final\3DEngine.pdb'; linking object as if no debug info
TL-Engine2017Debug.lib(TLXSceneNode.obj) : warning LNK4099: PDB '3DEngine.pdb' was not found with 'TL-Engine2017Debug.lib(TLXSceneNode.obj)' or at 'F:\Lili Games Concepts\Assignment 3\Hover car final\3DEngine.pdb'; linking object as if no debug info
TL-Engine2017Debug.lib(TLXModelNode.obj) : warning LNK4099: PDB '3DEngine.pdb' was not found with 'TL-Engine2017Debug.lib(TLXModelNode.obj)' or at 'F:\Lili Games Concepts\Assignment 3\Hover car final\3DEngine.pdb'; linking object as if no debug info
TL-Engine2017Debug.lib(TLXModel.obj) : warning LNK4099: PDB '3DEngine.pdb' was not found with 'TL-Engine2017Debug.lib(TLXModel.obj)' or at 'F:\Lili Games Concepts\Assignment 3\Hover car final\3DEngine.pdb'; linking object as if no debug info
TL-Engine2017Debug.lib(TLXMesh.obj) : warning LNK4099: PDB '3DEngine.pdb' was not found with 'TL-Engine2017Debug.lib(TLXMesh.obj)' or at 'F:\Lili Games Concepts\Assignment 3\Hover car final\3DEngine.pdb'; linking object as if no debug info
TL-Engine2017Debug.lib(TLXLight.obj) : warning LNK4099: PDB '3DEngine.pdb' was not found with 'TL-Engine2017Debug.lib(TLXLight.obj)' or at 'F:\Lili Games Concepts\Assignment 3\Hover car final\3DEngine.pdb'; linking object as if no debug info
TL-Engine2017Debug.lib(TLXFont.obj) : warning LNK4099: PDB '3DEngine.pdb' was not found with 'TL-Engine2017Debug.lib(TLXFont.obj)' or at 'F:\Lili Games Concepts\Assignment 3\Hover car final\3DEngine.pdb'; linking object as if no debug info
TL-Engine2017Debug.lib(TLXEngine.obj) : warning LNK4099: PDB '3DEngine.pdb' was not found with 'TL-Engine2017Debug.lib(TLXEngine.obj)' or at 'F:\Lili Games Concepts\Assignment 3\Hover car final\3DEngine.pdb'; linking object as if no debug info
TL-Engine2017Debug.lib(TLXCamera.obj) : warning LNK4099: PDB '3DEngine.pdb' was not found with 'TL-Engine2017Debug.lib(TLXCamera.obj)' or at 'F:\Lili Games Concepts\Assignment 3\Hover car final\3DEngine.pdb'; linking object as if no debug info
TL-Engine2017Debug.lib(IrrlichtSceneNode.obj) : warning LNK4099: PDB '3DEngine.pdb' was not found with 'TL-Engine2017Debug.lib(IrrlichtSceneNode.obj)' or at 'F:\Lili Games Concepts\Assignment 3\Hover car final\3DEngine.pdb'; linking object as if no debug info
TL-Engine2017Debug.lib(IrrlichtModel.obj) : warning LNK4099: PDB '3DEngine.pdb' was not found with 'TL-Engine2017Debug.lib(IrrlichtModel.obj)' or at 'F:\Lili Games Concepts\Assignment 3\Hover car final\3DEngine.pdb'; linking object as if no debug info
TL-Engine2017Debug.lib(IrrlichtMesh.obj) : warning LNK4099: PDB '3DEngine.pdb' was not found with 'TL-Engine2017Debug.lib(IrrlichtMesh.obj)' or at 'F:\Lili Games Concepts\Assignment 3\Hover car final\3DEngine.pdb'; linking object as if no debug info
TL-Engine2017Debug.lib(IrrlichtLight.obj) : warning LNK4099: PDB '3DEngine.pdb' was not found with 'TL-Engine2017Debug.lib(IrrlichtLight.obj)' or at 'F:\Lili Games Concepts\Assignment 3\Hover car final\3DEngine.pdb'; linking object as if no debug info
TL-Engine2017Debug.lib(IrrlichtInput.obj) : warning LNK4099: PDB '3DEngine.pdb' was not found with 'TL-Engine2017Debug.lib(IrrlichtInput.obj)' or at 'F:\Lili Games Concepts\Assignment 3\Hover car final\3DEngine.pdb'; linking object as if no debug info
TL-Engine2017Debug.lib(IrrlichtFont.obj) : warning LNK4099: PDB '3DEngine.pdb' was not found with 'TL-Engine2017Debug.lib(IrrlichtFont.obj)' or at 'F:\Lili Games Concepts\Assignment 3\Hover car final\3DEngine.pdb'; linking object as if no debug info
TL-Engine2017Debug.lib(IrrlichtEngine.obj) : warning LNK4099: PDB '3DEngine.pdb' was not found with 'TL-Engine2017Debug.lib(IrrlichtEngine.obj)' or at 'F:\Lili Games Concepts\Assignment 3\Hover car final\3DEngine.pdb'; linking object as if no debug info
TL-Engine2017Debug.lib(IrrlichtCamera.obj) : warning LNK4099: PDB '3DEngine.pdb' was not found with 'TL-Engine2017Debug.lib(IrrlichtCamera.obj)' or at 'F:\Lili Games Concepts\Assignment 3\Hover car final\3DEngine.pdb'; linking object as if no debug info
